2020-02-14 00:13:11,838 INFO org.springframework.boot.StartupInfoLogger [main] Starting JunitTestControllerTest on Acer_Saurav with PID 15808 (started by saurav in D:\junit-spring)
2020-02-14 00:13:11,844 DEBUG org.springframework.boot.StartupInfoLogger [main] Running with Spring Boot v2.2.4.RELEASE, Spring v5.2.3.RELEASE
2020-02-14 00:13:11,845 INFO org.springframework.boot.SpringApplication [main] The following profiles are active: dev
2020-02-14 00:13:14,208 INFO org.springframework.scheduling.concurrent.ExecutorConfigurationSupport [main] Initializing ExecutorService 'applicationTaskExecutor'
2020-02-14 00:13:14,832 INFO org.springframework.boot.StartupInfoLogger [main] Started JunitTestControllerTest in 3.855 seconds (JVM running for 5.877)
2020-02-14 00:13:15,159 INFO org.springframework.mock.web.MockServletContext [main] Initializing Spring TestDispatcherServlet ''
2020-02-14 00:13:15,160 INFO org.springframework.web.servlet.FrameworkServlet [main] Initializing Servlet ''
2020-02-14 00:13:15,183 INFO org.springframework.web.servlet.FrameworkServlet [main] Completed initialization in 23 ms
2020-02-14 00:13:15,338 INFO com.zaxxer.hikari.HikariDataSource [main] HikariPool-1 - Starting...
2020-02-14 00:13:16,328 INFO com.zaxxer.hikari.HikariDataSource [main] HikariPool-1 - Start completed.
2020-02-14 00:13:16,337 DEBUG org.apache.ibatis.logging.jdbc.BaseJdbcLogger [main] ==>  Preparing: SELECT count(0) FROM sys.test_user tu 
2020-02-14 00:13:16,365 DEBUG org.apache.ibatis.logging.jdbc.BaseJdbcLogger [main] ==> Parameters: 
2020-02-14 00:13:16,402 TRACE org.apache.ibatis.logging.jdbc.BaseJdbcLogger [main] <==    Columns: count(0)
2020-02-14 00:13:16,403 TRACE org.apache.ibatis.logging.jdbc.BaseJdbcLogger [main] <==        Row: 20
2020-02-14 00:13:16,405 DEBUG org.apache.ibatis.logging.jdbc.BaseJdbcLogger [main] <==      Total: 1
2020-02-14 00:13:16,412 DEBUG org.apache.ibatis.logging.jdbc.BaseJdbcLogger [main] ==>  Preparing: select tu.user_id as userId, tu.user_name as userName, tu.user_password as userPassword from sys.test_user tu LIMIT ?, ? 
2020-02-14 00:13:16,414 DEBUG org.apache.ibatis.logging.jdbc.BaseJdbcLogger [main] ==> Parameters: 15(Integer), 15(Integer)
2020-02-14 00:13:16,417 TRACE org.apache.ibatis.logging.jdbc.BaseJdbcLogger [main] <==    Columns: userId, userName, userPassword
2020-02-14 00:13:16,417 TRACE org.apache.ibatis.logging.jdbc.BaseJdbcLogger [main] <==        Row: 6685765, on, on
2020-02-14 00:13:16,419 TRACE org.apache.ibatis.logging.jdbc.BaseJdbcLogger [main] <==        Row: 9076876, going, going
2020-02-14 00:13:16,420 TRACE org.apache.ibatis.logging.jdbc.BaseJdbcLogger [main] <==        Row: 34534343, See, see
2020-02-14 00:13:16,420 TRACE org.apache.ibatis.logging.jdbc.BaseJdbcLogger [main] <==        Row: 34534634, Back, back
2020-02-14 00:13:16,421 TRACE org.apache.ibatis.logging.jdbc.BaseJdbcLogger [main] <==        Row: 34544345, To, to
2020-02-14 00:13:16,421 DEBUG org.apache.ibatis.logging.jdbc.BaseJdbcLogger [main] <==      Total: 5
2020-02-14 00:13:16,618 INFO org.springframework.mock.web.MockServletContext [main] Initializing Spring TestDispatcherServlet ''
2020-02-14 00:13:16,619 INFO org.springframework.web.servlet.FrameworkServlet [main] Initializing Servlet ''
2020-02-14 00:13:16,623 INFO org.springframework.web.servlet.FrameworkServlet [main] Completed initialization in 3 ms
2020-02-14 00:13:18,486 DEBUG org.apache.ibatis.logging.jdbc.BaseJdbcLogger [main] ==>  Preparing: insert into test_user ( user_id, user_name, user_password )values ( ?, ?, ? ) 
2020-02-14 00:13:18,487 DEBUG org.apache.ibatis.logging.jdbc.BaseJdbcLogger [main] ==> Parameters: 765661(Integer), Doing Any(String), Offcource doing(String)
2020-02-14 00:13:18,512 DEBUG org.apache.ibatis.logging.jdbc.BaseJdbcLogger [main] <==    Updates: 1
2020-02-14 00:13:18,525 INFO org.springframework.scheduling.concurrent.ExecutorConfigurationSupport [SpringContextShutdownHook] Shutting down ExecutorService 'applicationTaskExecutor'
2020-02-14 00:13:18,526 INFO com.zaxxer.hikari.HikariDataSource [SpringContextShutdownHook] HikariPool-1 - Shutdown initiated...
2020-02-14 00:13:18,539 INFO com.zaxxer.hikari.HikariDataSource [SpringContextShutdownHook] HikariPool-1 - Shutdown completed.
